<?xml version="1.0" encoding="UTF-8"?>
<testsuite name="io.codis.nedis.TestNedis" time="3.667" tests="9" errors="6" skipped="0" failures="3">
  <properties>
[...]
</properties>
  <testcase name="testTimeout" classname="io.codis.nedis.TestNedis" time="1.446">
    <failure type="java.lang.AssertionError:">java.lang.AssertionError: null
	at org.junit.Assert.fail(Assert.java:86)
	at org.junit.Assert.assertTrue(Assert.java:41)
	at org.junit.Assert.assertTrue(Assert.java:52)
	at io.codis.nedis.TestNedis.testTimeout(TestNedis.java:148)
</failure>
  </testcase>
  <testcase name="testTimeout" classname="io.codis.nedis.TestNedis" time="1.451">
    <error message="ERR handle request, command &apos;KEYS&apos; is not allowed" type="io.codis.nedis.exception.RedisResponseException">io.codis.nedis.exception.RedisResponseException: ERR handle request, command 'KEYS' is not allowed
	at io.codis.nedis.handler.RedisResponseDecoder.decode(RedisResponseDecoder.java:130)
	at io.codis.nedis.handler.RedisResponseDecoder.decode(RedisResponseDecoder.java:190)
	at io.netty.handler.codec.ByteToMessageDecoder.callDecode(ByteToMessageDecoder.java:387)
	at io.netty.handler.codec.ByteToMessageDecoder.channelRead(ByteToMessageDecoder.java:245)
	at io.netty.channel.AbstractChannelHandlerContext.invokeChannelRead(AbstractChannelHandlerContext.java:292)
	at io.netty.channel.AbstractChannelHandlerContext.fireChannelRead(AbstractChannelHandlerContext.java:278)
	at io.netty.channel.DefaultChannelPipeline.fireChannelRead(DefaultChannelPipeline.java:962)
	at io.netty.channel.nio.AbstractNioByteChannel$NioByteUnsafe.read(AbstractNioByteChannel.java:131)
	at io.netty.channel.nio.NioEventLoop.processSelectedKey(NioEventLoop.java:511)
	at io.netty.channel.nio.NioEventLoop.processSelectedKeysOptimized(NioEventLoop.java:468)
	at io.netty.channel.nio.NioEventLoop.processSelectedKeys(NioEventLoop.java:382)
	at io.netty.channel.nio.NioEventLoop.run(NioEventLoop.java:354)
	at io.netty.util.concurrent.SingleThreadEventExecutor$2.run(SingleThreadEventExecutor.java:112)
	at io.netty.util.concurrent.DefaultThreadFactory$DefaultRunnableDecorator.run(DefaultThreadFactory.java:137)
	at java.lang.Thread.run(Thread.java:748)
</error>
  </testcase>
  <testcase name="testTxn" classname="io.codis.nedis.TestNedis" time="1.086">
    <failure type="java.lang.AssertionError:">java.lang.AssertionError: null
	at org.junit.Assert.fail(Assert.java:86)
	at org.junit.Assert.assertTrue(Assert.java:41)
	at org.junit.Assert.assertFalse(Assert.java:64)
	at org.junit.Assert.assertFalse(Assert.java:74)
	at io.codis.nedis.TestNedis.testTxn(TestNedis.java:190)
	at io.codis.nedis.TestNedis.testTxn(TestNedis.java:250)
</failure>
  </testcase>
  <testcase name="testTxn" classname="io.codis.nedis.TestNedis" time="1.087">
    <error message="ERR handle request, command &apos;KEYS&apos; is not allowed" type="io.codis.nedis.exception.RedisResponseException">io.codis.nedis.exception.RedisResponseException: ERR handle request, command 'KEYS' is not allowed
	at io.codis.nedis.handler.RedisResponseDecoder.decode(RedisResponseDecoder.java:130)
	at io.codis.nedis.handler.RedisResponseDecoder.decode(RedisResponseDecoder.java:190)
	at io.netty.handler.codec.ByteToMessageDecoder.callDecode(ByteToMessageDecoder.java:387)
	at io.netty.handler.codec.ByteToMessageDecoder.channelRead(ByteToMessageDecoder.java:245)
	at io.netty.channel.AbstractChannelHandlerContext.invokeChannelRead(AbstractChannelHandlerContext.java:292)
	at io.netty.channel.AbstractChannelHandlerContext.fireChannelRead(AbstractChannelHandlerContext.java:278)
	at io.netty.channel.DefaultChannelPipeline.fireChannelRead(DefaultChannelPipeline.java:962)
	at io.netty.channel.nio.AbstractNioByteChannel$NioByteUnsafe.read(AbstractNioByteChannel.java:131)
	at io.netty.channel.nio.NioEventLoop.processSelectedKey(NioEventLoop.java:511)
	at io.netty.channel.nio.NioEventLoop.processSelectedKeysOptimized(NioEventLoop.java:468)
	at io.netty.channel.nio.NioEventLoop.processSelectedKeys(NioEventLoop.java:382)
	at io.netty.channel.nio.NioEventLoop.run(NioEventLoop.java:354)
	at io.netty.util.concurrent.SingleThreadEventExecutor$2.run(SingleThreadEventExecutor.java:112)
	at io.netty.util.concurrent.DefaultThreadFactory$DefaultRunnableDecorator.run(DefaultThreadFactory.java:137)
	at java.lang.Thread.run(Thread.java:748)
</error>
  </testcase>
  <testcase name="testInfiniteWaitWhenClosing" classname="io.codis.nedis.TestNedis" time="0.032">
    <error message="ERR handle request, command &apos;KEYS&apos; is not allowed" type="io.codis.nedis.exception.RedisResponseException">io.codis.nedis.exception.RedisResponseException: ERR handle request, command 'KEYS' is not allowed
	at io.codis.nedis.handler.RedisResponseDecoder.decode(RedisResponseDecoder.java:130)
	at io.codis.nedis.handler.RedisResponseDecoder.decode(RedisResponseDecoder.java:190)
	at io.netty.handler.codec.ByteToMessageDecoder.callDecode(ByteToMessageDecoder.java:387)
	at io.netty.handler.codec.ByteToMessageDecoder.channelRead(ByteToMessageDecoder.java:245)
	at io.netty.channel.AbstractChannelHandlerContext.invokeChannelRead(AbstractChannelHandlerContext.java:292)
	at io.netty.channel.AbstractChannelHandlerContext.fireChannelRead(AbstractChannelHandlerContext.java:278)
	at io.netty.channel.DefaultChannelPipeline.fireChannelRead(DefaultChannelPipeline.java:962)
	at io.netty.channel.nio.AbstractNioByteChannel$NioByteUnsafe.read(AbstractNioByteChannel.java:131)
	at io.netty.channel.nio.NioEventLoop.processSelectedKey(NioEventLoop.java:511)
	at io.netty.channel.nio.NioEventLoop.processSelectedKeysOptimized(NioEventLoop.java:468)
	at io.netty.channel.nio.NioEventLoop.processSelectedKeys(NioEventLoop.java:382)
	at io.netty.channel.nio.NioEventLoop.run(NioEventLoop.java:354)
	at io.netty.util.concurrent.SingleThreadEventExecutor$2.run(SingleThreadEventExecutor.java:112)
	at io.netty.util.concurrent.DefaultThreadFactory$DefaultRunnableDecorator.run(DefaultThreadFactory.java:137)
	at java.lang.Thread.run(Thread.java:748)
</error>
  </testcase>
  <testcase name="testBlockingCommands" classname="io.codis.nedis.TestNedis" time="1.063">
    <failure type="java.lang.AssertionError:">java.lang.AssertionError: null
	at org.junit.Assert.fail(Assert.java:86)
	at org.junit.Assert.assertTrue(Assert.java:41)
	at org.junit.Assert.assertFalse(Assert.java:64)
	at org.junit.Assert.assertFalse(Assert.java:74)
	at io.codis.nedis.TestNedis.testBlockingCommands(TestNedis.java:162)
</failure>
  </testcase>
  <testcase name="testBlockingCommands" classname="io.codis.nedis.TestNedis" time="1.063">
    <error message="ERR handle request, command &apos;KEYS&apos; is not allowed" type="io.codis.nedis.exception.RedisResponseException">io.codis.nedis.exception.RedisResponseException: ERR handle request, command 'KEYS' is not allowed
	at io.codis.nedis.handler.RedisResponseDecoder.decode(RedisResponseDecoder.java:130)
	at io.codis.nedis.handler.RedisResponseDecoder.decode(RedisResponseDecoder.java:190)
	at io.netty.handler.codec.ByteToMessageDecoder.callDecode(ByteToMessageDecoder.java:387)
	at io.netty.handler.codec.ByteToMessageDecoder.channelRead(ByteToMessageDecoder.java:245)
	at io.netty.channel.AbstractChannelHandlerContext.invokeChannelRead(AbstractChannelHandlerContext.java:292)
	at io.netty.channel.AbstractChannelHandlerContext.fireChannelRead(AbstractChannelHandlerContext.java:278)
	at io.netty.channel.DefaultChannelPipeline.fireChannelRead(DefaultChannelPipeline.java:962)
	at io.netty.channel.nio.AbstractNioByteChannel$NioByteUnsafe.read(AbstractNioByteChannel.java:131)
	at io.netty.channel.nio.NioEventLoop.processSelectedKey(NioEventLoop.java:511)
	at io.netty.channel.nio.NioEventLoop.processSelectedKeysOptimized(NioEventLoop.java:468)
	at io.netty.channel.nio.NioEventLoop.processSelectedKeys(NioEventLoop.java:382)
	at io.netty.channel.nio.NioEventLoop.run(NioEventLoop.java:354)
	at io.netty.util.concurrent.SingleThreadEventExecutor$2.run(SingleThreadEventExecutor.java:112)
	at io.netty.util.concurrent.DefaultThreadFactory$DefaultRunnableDecorator.run(DefaultThreadFactory.java:137)
	at java.lang.Thread.run(Thread.java:748)
</error>
  </testcase>
  <testcase name="test" classname="io.codis.nedis.TestNedis" time="0.04">
    <error message="ERR handle request, command &apos;CLIENT&apos; is not allowed" type="io.codis.nedis.exception.RedisResponseException">io.codis.nedis.exception.RedisResponseException: ERR handle request, command 'CLIENT' is not allowed
	at io.codis.nedis.handler.RedisResponseDecoder.decode(RedisResponseDecoder.java:130)
	at io.codis.nedis.handler.RedisResponseDecoder.decode(RedisResponseDecoder.java:190)
	at io.netty.handler.codec.ByteToMessageDecoder.callDecode(ByteToMessageDecoder.java:387)
	at io.netty.handler.codec.ByteToMessageDecoder.channelRead(ByteToMessageDecoder.java:245)
	at io.netty.channel.AbstractChannelHandlerContext.invokeChannelRead(AbstractChannelHandlerContext.java:292)
	at io.netty.channel.AbstractChannelHandlerContext.fireChannelRead(AbstractChannelHandlerContext.java:278)
	at io.netty.channel.DefaultChannelPipeline.fireChannelRead(DefaultChannelPipeline.java:962)
	at io.netty.channel.nio.AbstractNioByteChannel$NioByteUnsafe.read(AbstractNioByteChannel.java:131)
	at io.netty.channel.nio.NioEventLoop.processSelectedKey(NioEventLoop.java:511)
	at io.netty.channel.nio.NioEventLoop.processSelectedKeysOptimized(NioEventLoop.java:468)
	at io.netty.channel.nio.NioEventLoop.processSelectedKeys(NioEventLoop.java:382)
	at io.netty.channel.nio.NioEventLoop.run(NioEventLoop.java:354)
	at io.netty.util.concurrent.SingleThreadEventExecutor$2.run(SingleThreadEventExecutor.java:112)
	at io.netty.util.concurrent.DefaultThreadFactory$DefaultRunnableDecorator.run(DefaultThreadFactory.java:137)
	at java.lang.Thread.run(Thread.java:748)
</error>
    <system-out><![CDATA[io.codis.nedis.util.NedisUtils$Invoker@8576fa0
]]></system-out>
  </testcase>
  <testcase name="test" classname="io.codis.nedis.TestNedis" time="0.04">
    <error message="ERR handle request, command &apos;KEYS&apos; is not allowed" type="io.codis.nedis.exception.RedisResponseException">io.codis.nedis.exception.RedisResponseException: ERR handle request, command 'KEYS' is not allowed
	at io.codis.nedis.handler.RedisResponseDecoder.decode(RedisResponseDecoder.java:130)
	at io.codis.nedis.handler.RedisResponseDecoder.decode(RedisResponseDecoder.java:190)
	at io.netty.handler.codec.ByteToMessageDecoder.callDecode(ByteToMessageDecoder.java:387)
	at io.netty.handler.codec.ByteToMessageDecoder.channelRead(ByteToMessageDecoder.java:245)
	at io.netty.channel.AbstractChannelHandlerContext.invokeChannelRead(AbstractChannelHandlerContext.java:292)
	at io.netty.channel.AbstractChannelHandlerContext.fireChannelRead(AbstractChannelHandlerContext.java:278)
	at io.netty.channel.DefaultChannelPipeline.fireChannelRead(DefaultChannelPipeline.java:962)
	at io.netty.channel.nio.AbstractNioByteChannel$NioByteUnsafe.read(AbstractNioByteChannel.java:131)
	at io.netty.channel.nio.NioEventLoop.processSelectedKey(NioEventLoop.java:511)
	at io.netty.channel.nio.NioEventLoop.processSelectedKeysOptimized(NioEventLoop.java:468)
	at io.netty.channel.nio.NioEventLoop.processSelectedKeys(NioEventLoop.java:382)
	at io.netty.channel.nio.NioEventLoop.run(NioEventLoop.java:354)
	at io.netty.util.concurrent.SingleThreadEventExecutor$2.run(SingleThreadEventExecutor.java:112)
	at io.netty.util.concurrent.DefaultThreadFactory$DefaultRunnableDecorator.run(DefaultThreadFactory.java:137)
	at java.lang.Thread.run(Thread.java:748)
</error>
  </testcase>
</testsuite>